# JRE version: OpenJDK Runtime Environment (26.0.1+8) (build 26.0.1+8-34)
# Java VM: OpenJDK 64-Bit Server VM (26.0.1+8-34, mixed mode, sharing, tiered, compressed oops, compressed class ptrs, parallel gc, windows-amd64)
GC Precious Log:
 CardTable entry size: 512
 CPUs: 12 total, 12 available
 Memory: 16309M
 Large Page Support: Disabled
 NUMA Support: Disabled
 Compressed Oops: Enabled (32-bit)
 Alignments: Space 512K, Heap 2M
 Heap Min Capacity: 100M
 Heap Initial Capacity: 100M
 Heap Max Capacity: 2G
 Pre-touch: Disabled
 Parallel Workers: 10
Heap:
 PSYoungGen      total 164864K, used 124684K [0x00000000d5580000, 0x00000000e0e00000, 0x0000000100000000)
  eden space 140800K, 71% used [0x00000000d8480000,0x00000000de6c4e40,0x00000000e0e00000)
  from space 24064K, 99% used [0x00000000d6d00000,0x00000000d847e4a0,0x00000000d8480000)
  to   space 24064K, 0% used [0x00000000d5580000,0x00000000d5580000,0x00000000d6d00000)
 ParOldGen       total 81408K, used 81083K [0x0000000080000000, 0x0000000084f80000, 0x00000000d5580000)
  object space 81408K, 99% used [0x0000000080000000,0x0000000084f2ed30,0x0000000084f80000)
GC Heap Usage History (20 events):
Event: 8.539 {heap Before GC invocations=26 (full 3):
 PSYoungGen      total 121344K, used 111424K [0x00000000d5580000, 0x00000000de080000, 0x0000000100000000)
  eden space 100352K, 100% used [0x00000000d7e80000,0x00000000de080000,0x00000000de080000)
  from space 20992K, 52% used [0x00000000d6a00000,0x00000000d74d0170,0x00000000d7e80000)
  to   space 20992K, 0% used [0x00000000d5580000,0x00000000d5580000,0x00000000d6a00000)
 ParOldGen       total 68608K, used 59315K [0x0000000080000000, 0x0000000084300000, 0x00000000d5580000)
  object space 68608K, 86% used [0x0000000080000000,0x00000000839ecff8,0x0000000084300000)
}
Event: 8.543 {heap After GC invocations=26 (full 3):
 PSYoungGen      total 160768K, used 10631K [0x00000000d5580000, 0x00000000e0600000, 0x0000000100000000)
  eden space 140800K, 0% used [0x00000000d7c80000,0x00000000d7c80000,0x00000000e0600000)
  from space 19968K, 53% used [0x00000000d5580000,0x00000000d5fe1ca8,0x00000000d6900000)
  to   space 19968K, 0% used [0x00000000d6900000,0x00000000d6900000,0x00000000d7c80000)
 ParOldGen       total 68608K, used 62144K [0x0000000080000000, 0x0000000084300000, 0x00000000d5580000)
  object space 68608K, 90% used [0x0000000080000000,0x0000000083cb0098,0x0000000084300000)
}
Event: 8.729 {heap Before GC invocations=27 (full 3):
 PSYoungGen      total 160768K, used 151431K [0x00000000d5580000, 0x00000000e0600000, 0x0000000100000000)
  eden space 140800K, 100% used [0x00000000d7c80000,0x00000000e0600000,0x00000000e0600000)
  from space 19968K, 53% used [0x00000000d5580000,0x00000000d5fe1ca8,0x00000000d6900000)
  to   space 19968K, 0% used [0x00000000d6900000,0x00000000d6900000,0x00000000d7c80000)
 ParOldGen       total 68608K, used 62144K [0x0000000080000000, 0x0000000084300000, 0x00000000d5580000)
  object space 68608K, 90% used [0x0000000080000000,0x0000000083cb0098,0x0000000084300000)
}
Event: 8.734 {heap After GC invocations=27 (full 3):
 PSYoungGen      total 160768K, used 14531K [0x00000000d5580000, 0x00000000e0600000, 0x0000000100000000)
  eden space 140800K, 0% used [0x00000000d7c80000,0x00000000d7c80000,0x00000000e0600000)
  from space 19968K, 72% used [0x00000000d6900000,0x00000000d7730d18,0x00000000d7c80000)
  to   space 19968K, 0% used [0x00000000d5580000,0x00000000d5580000,0x00000000d6900000)
 ParOldGen       total 68608K, used 62272K [0x0000000080000000, 0x0000000084300000, 0x00000000d5580000)
  object space 68608K, 90% used [0x0000000080000000,0x0000000083cd0098,0x0000000084300000)
}
Event: 9.543 {heap Before GC invocations=28 (full 3):
 PSYoungGen      total 160768K, used 155331K [0x00000000d5580000, 0x00000000e0600000, 0x0000000100000000)
  eden space 140800K, 100% used [0x00000000d7c80000,0x00000000e0600000,0x00000000e0600000)
  from space 19968K, 72% used [0x00000000d6900000,0x00000000d7730d18,0x00000000d7c80000)
  to   space 19968K, 0% used [0x00000000d5580000,0x00000000d5580000,0x00000000d6900000)
 ParOldGen       total 68608K, used 62272K [0x0000000080000000, 0x0000000084300000, 0x00000000d5580000)
  object space 68608K, 90% used [0x0000000080000000,0x0000000083cd0098,0x0000000084300000)
}
Event: 9.552 {heap After GC invocations=28 (full 3):
 PSYoungGen      total 160768K, used 17700K [0x00000000d5580000, 0x00000000e0600000, 0x0000000100000000)
  eden space 140800K, 0% used [0x00000000d7c80000,0x00000000d7c80000,0x00000000e0600000)
  from space 19968K, 88% used [0x00000000d5580000,0x00000000d66c9250,0x00000000d6900000)
  to   space 19968K, 0% used [0x00000000d6900000,0x00000000d6900000,0x00000000d7c80000)
 ParOldGen       total 68608K, used 63832K [0x0000000080000000, 0x0000000084300000, 0x00000000d5580000)
  object space 68608K, 93% used [0x0000000080000000,0x0000000083e56348,0x0000000084300000)
}
Event: 10.025 {heap Before GC invocations=29 (full 3):
 PSYoungGen      total 160768K, used 158500K [0x00000000d5580000, 0x00000000e0600000, 0x0000000100000000)
  eden space 140800K, 99% used [0x00000000d7c80000,0x00000000e05fff20,0x00000000e0600000)
  from space 19968K, 88% used [0x00000000d5580000,0x00000000d66c9250,0x00000000d6900000)
  to   space 19968K, 0% used [0x00000000d6900000,0x00000000d6900000,0x00000000d7c80000)
 ParOldGen       total 68608K, used 63832K [0x0000000080000000, 0x0000000084300000, 0x00000000d5580000)
  object space 68608K, 93% used [0x0000000080000000,0x0000000083e56348,0x0000000084300000)
}
Event: 10.030 {heap After GC invocations=29 (full 3):
 PSYoungGen      total 160768K, used 13880K [0x00000000d5580000, 0x00000000e0600000, 0x0000000100000000)
  eden space 140800K, 0% used [0x00000000d7c80000,0x00000000d7c80000,0x00000000e0600000)
  from space 19968K, 69% used [0x00000000d6900000,0x00000000d768e0a8,0x00000000d7c80000)
  to   space 19968K, 0% used [0x00000000d5580000,0x00000000d5580000,0x00000000d6900000)
 ParOldGen       total 68608K, used 64024K [0x0000000080000000, 0x0000000084300000, 0x00000000d5580000)
  object space 68608K, 93% used [0x0000000080000000,0x0000000083e86348,0x0000000084300000)
}
Event: 78.607 {heap Before GC invocations=30 (full 3):
 PSYoungGen      total 160768K, used 154680K [0x00000000d5580000, 0x00000000e0600000, 0x0000000100000000)
  eden space 140800K, 99% used [0x00000000d7c80000,0x00000000e05fffe0,0x00000000e0600000)
  from space 19968K, 69% used [0x00000000d6900000,0x00000000d768e0a8,0x00000000d7c80000)
  to   space 19968K, 0% used [0x00000000d5580000,0x00000000d5580000,0x00000000d6900000)
 ParOldGen       total 68608K, used 64024K [0x0000000080000000, 0x0000000084300000, 0x00000000d5580000)
  object space 68608K, 93% used [0x0000000080000000,0x0000000083e86348,0x0000000084300000)
}
Event: 78.615 {heap After GC invocations=30 (full 3):
 PSYoungGen      total 164864K, used 19965K [0x00000000d5580000, 0x00000000e0e00000, 0x0000000100000000)
  eden space 140800K, 0% used [0x00000000d8480000,0x00000000d8480000,0x00000000e0e00000)
  from space 24064K, 82% used [0x00000000d5580000,0x00000000d68ff6e8,0x00000000d6d00000)
  to   space 24064K, 0% used [0x00000000d6d00000,0x00000000d6d00000,0x00000000d8480000)
 ParOldGen       total 68608K, used 66177K [0x0000000080000000, 0x0000000084300000, 0x00000000d5580000)
  object space 68608K, 96% used [0x0000000080000000,0x00000000840a0638,0x0000000084300000)
}
Event: 122.780 {heap Before GC invocations=31 (full 3):
 PSYoungGen      total 164864K, used 160744K [0x00000000d5580000, 0x00000000e0e00000, 0x0000000100000000)
  eden space 140800K, 99% used [0x00000000d8480000,0x00000000e0dfac90,0x00000000e0e00000)
  from space 24064K, 82% used [0x00000000d5580000,0x00000000d68ff6e8,0x00000000d6d00000)
  to   space 24064K, 0% used [0x00000000d6d00000,0x00000000d6d00000,0x00000000d8480000)
 ParOldGen       total 68608K, used 66177K [0x0000000080000000, 0x0000000084300000, 0x00000000d5580000)
  object space 68608K, 96% used [0x0000000080000000,0x00000000840a0638,0x0000000084300000)
}
Event: 122.786 {heap After GC invocations=31 (full 3):
 PSYoungGen      total 164864K, used 21024K [0x00000000d5580000, 0x00000000e0e00000, 0x0000000100000000)
  eden space 140800K, 0% used [0x00000000d8480000,0x00000000d8480000,0x00000000e0e00000)
  from space 24064K, 87% used [0x00000000d6d00000,0x00000000d8188150,0x00000000d8480000)
  to   space 24064K, 0% used [0x00000000d5580000,0x00000000d5580000,0x00000000d6d00000)
 ParOldGen       total 68608K, used 66953K [0x0000000080000000, 0x0000000084300000, 0x00000000d5580000)
  object space 68608K, 97% used [0x0000000080000000,0x0000000084162638,0x0000000084300000)
}
Event: 3078.430 {heap Before GC invocations=32 (full 3):
 PSYoungGen      total 164864K, used 161824K [0x00000000d5580000, 0x00000000e0e00000, 0x0000000100000000)
  eden space 140800K, 100% used [0x00000000d8480000,0x00000000e0e00000,0x00000000e0e00000)
  from space 24064K, 87% used [0x00000000d6d00000,0x00000000d8188150,0x00000000d8480000)
  to   space 24064K, 0% used [0x00000000d5580000,0x00000000d5580000,0x00000000d6d00000)
 ParOldGen       total 68608K, used 66953K [0x0000000080000000, 0x0000000084300000, 0x00000000d5580000)
  object space 68608K, 97% used [0x0000000080000000,0x0000000084162638,0x0000000084300000)
}
Event: 3078.439 {heap After GC invocations=32 (full 3):
 PSYoungGen      total 164864K, used 22139K [0x00000000d5580000, 0x00000000e0e00000, 0x0000000100000000)
  eden space 140800K, 0% used [0x00000000d8480000,0x00000000d8480000,0x00000000e0e00000)
  from space 24064K, 92% used [0x00000000d5580000,0x00000000d6b1eef8,0x00000000d6d00000)
  to   space 24064K, 0% used [0x00000000d6d00000,0x00000000d6d00000,0x00000000d8480000)
 ParOldGen       total 69632K, used 69306K [0x0000000080000000, 0x0000000084400000, 0x00000000d5580000)
  object space 69632K, 99% used [0x0000000080000000,0x00000000843ae918,0x0000000084400000)
}
Event: 3085.344 {heap Before GC invocations=33 (full 3):
 PSYoungGen      total 164864K, used 162939K [0x00000000d5580000, 0x00000000e0e00000, 0x0000000100000000)
  eden space 140800K, 100% used [0x00000000d8480000,0x00000000e0e00000,0x00000000e0e00000)
  from space 24064K, 92% used [0x00000000d5580000,0x00000000d6b1eef8,0x00000000d6d00000)
  to   space 24064K, 0% used [0x00000000d6d00000,0x00000000d6d00000,0x00000000d8480000)
 ParOldGen       total 69632K, used 69306K [0x0000000080000000, 0x0000000084400000, 0x00000000d5580000)
  object space 69632K, 99% used [0x0000000080000000,0x00000000843ae918,0x0000000084400000)
}
Event: 3085.353 {heap After GC invocations=33 (full 3):
 PSYoungGen      total 164864K, used 21229K [0x00000000d5580000, 0x00000000e0e00000, 0x0000000100000000)
  eden space 140800K, 0% used [0x00000000d8480000,0x00000000d8480000,0x00000000e0e00000)
  from space 24064K, 88% used [0x00000000d6d00000,0x00000000d81bb678,0x00000000d8480000)
  to   space 24064K, 0% used [0x00000000d5580000,0x00000000d5580000,0x00000000d6d00000)
 ParOldGen       total 72192K, used 71706K [0x0000000080000000, 0x0000000084680000, 0x00000000d5580000)
  object space 72192K, 99% used [0x0000000080000000,0x0000000084606a18,0x0000000084680000)
}
Event: 3122.880 {heap Before GC invocations=34 (full 3):
 PSYoungGen      total 164864K, used 162020K [0x00000000d5580000, 0x00000000e0e00000, 0x0000000100000000)
  eden space 140800K, 99% used [0x00000000d8480000,0x00000000e0dfdd60,0x00000000e0e00000)
  from space 24064K, 88% used [0x00000000d6d00000,0x00000000d81bb678,0x00000000d8480000)
  to   space 24064K, 0% used [0x00000000d5580000,0x00000000d5580000,0x00000000d6d00000)
 ParOldGen       total 72192K, used 71706K [0x0000000080000000, 0x0000000084680000, 0x00000000d5580000)
  object space 72192K, 99% used [0x0000000080000000,0x0000000084606a18,0x0000000084680000)
}
Event: 3122.892 {heap After GC invocations=34 (full 3):
 PSYoungGen      total 164864K, used 23353K [0x00000000d5580000, 0x00000000e0e00000, 0x0000000100000000)
  eden space 140800K, 0% used [0x00000000d8480000,0x00000000d8480000,0x00000000e0e00000)
  from space 24064K, 97% used [0x00000000d5580000,0x00000000d6c4e4b8,0x00000000d6d00000)
  to   space 24064K, 0% used [0x00000000d6d00000,0x00000000d6d00000,0x00000000d8480000)
 ParOldGen       total 74752K, used 74281K [0x0000000080000000, 0x0000000084900000, 0x00000000d5580000)
  object space 74752K, 99% used [0x0000000080000000,0x000000008488a618,0x0000000084900000)
}
Event: 3128.527 {heap Before GC invocations=35 (full 3):
 PSYoungGen      total 164864K, used 164153K [0x00000000d5580000, 0x00000000e0e00000, 0x0000000100000000)
  eden space 140800K, 100% used [0x00000000d8480000,0x00000000e0e00000,0x00000000e0e00000)
  from space 24064K, 97% used [0x00000000d5580000,0x00000000d6c4e4b8,0x00000000d6d00000)
  to   space 24064K, 0% used [0x00000000d6d00000,0x00000000d6d00000,0x00000000d8480000)
 ParOldGen       total 74752K, used 74281K [0x0000000080000000, 0x0000000084900000, 0x00000000d5580000)
  object space 74752K, 99% used [0x0000000080000000,0x000000008488a618,0x0000000084900000)
}
Event: 3128.535 {heap After GC invocations=35 (full 3):
 PSYoungGen      total 164864K, used 24057K [0x00000000d5580000, 0x00000000e0e00000, 0x0000000100000000)
  eden space 140800K, 0% used [0x00000000d8480000,0x00000000d8480000,0x00000000e0e00000)
  from space 24064K, 99% used [0x00000000d6d00000,0x00000000d847e4a0,0x00000000d8480000)
  to   space 24064K, 0% used [0x00000000d5580000,0x00000000d5580000,0x00000000d6d00000)
 ParOldGen       total 81408K, used 81083K [0x0000000080000000, 0x0000000084f80000, 0x00000000d5580000)
  object space 81408K, 99% used [0x0000000080000000,0x0000000084f2ed30,0x0000000084f80000)
}

